0 info it worked if it ends with ok
1 verbose cli [ '/Users/guillaume/.nvm/versions/node/v6.11.2/bin/node',
1 verbose cli   '/Users/guillaume/.nvm/versions/node/v6.11.2/bin/npm',
1 verbose cli   'run',
1 verbose cli   'deploy' ]
2 info using npm@3.10.10
3 info using node@v6.11.2
4 verbose run-script [ 'predeploy', 'deploy', 'postdeploy' ]
5 info lifecycle crokmou@2.0.0~predeploy: crokmou@2.0.0
6 verbose lifecycle crokmou@2.0.0~predeploy: unsafe-perm in lifecycle true
7 verbose lifecycle crokmou@2.0.0~predeploy: PATH: /Users/guillaume/.nvm/versions/node/v6.11.2/lib/node_modules/npm/bin/node-gyp-bin:/Users/guillaume/Documents/crokmou/hugo/node_modules/.bin:/Users/guillaume/.rvm/gems/ruby-2.1.9/bin:/Users/guillaume/.rvm/gems/ruby-2.1.9@global/bin:/Users/guillaume/.rvm/rubies/ruby-2.1.9/bin:/Users/guillaume/go/bin:/Users/guillaume/.nvm/versions/node/v6.11.2/bin:/usr/local/bin:/usr/bin:/bin:/usr/sbin:/sbin:/opt/X11/bin:/Users/guillaume/.rvm/bin
8 verbose lifecycle crokmou@2.0.0~predeploy: CWD: /Users/guillaume/Documents/crokmou/hugo
9 silly lifecycle crokmou@2.0.0~predeploy: Args: [ '-c',
9 silly lifecycle   'npm run replaceImageTag && npm run commit && npm run clean && npm run build' ]
10 silly lifecycle crokmou@2.0.0~predeploy: Returned: code: 0  signal: null
11 info lifecycle crokmou@2.0.0~deploy: crokmou@2.0.0
12 verbose lifecycle crokmou@2.0.0~deploy: unsafe-perm in lifecycle true
13 verbose lifecycle crokmou@2.0.0~deploy: PATH: /Users/guillaume/.nvm/versions/node/v6.11.2/lib/node_modules/npm/bin/node-gyp-bin:/Users/guillaume/Documents/crokmou/hugo/node_modules/.bin:/Users/guillaume/.rvm/gems/ruby-2.1.9/bin:/Users/guillaume/.rvm/gems/ruby-2.1.9@global/bin:/Users/guillaume/.rvm/rubies/ruby-2.1.9/bin:/Users/guillaume/go/bin:/Users/guillaume/.nvm/versions/node/v6.11.2/bin:/usr/local/bin:/usr/bin:/bin:/usr/sbin:/sbin:/opt/X11/bin:/Users/guillaume/.rvm/bin
14 verbose lifecycle crokmou@2.0.0~deploy: CWD: /Users/guillaume/Documents/crokmou/hugo
15 silly lifecycle crokmou@2.0.0~deploy: Args: [ '-c', 'gh-pages -d public' ]
16 silly lifecycle crokmou@2.0.0~deploy: Returned: code: 0  signal: null
17 info lifecycle crokmou@2.0.0~postdeploy: crokmou@2.0.0
18 verbose lifecycle crokmou@2.0.0~postdeploy: unsafe-perm in lifecycle true
19 verbose lifecycle crokmou@2.0.0~postdeploy: PATH: /Users/guillaume/.nvm/versions/node/v6.11.2/lib/node_modules/npm/bin/node-gyp-bin:/Users/guillaume/Documents/crokmou/hugo/node_modules/.bin:/Users/guillaume/.rvm/gems/ruby-2.1.9/bin:/Users/guillaume/.rvm/gems/ruby-2.1.9@global/bin:/Users/guillaume/.rvm/rubies/ruby-2.1.9/bin:/Users/guillaume/go/bin:/Users/guillaume/.nvm/versions/node/v6.11.2/bin:/usr/local/bin:/usr/bin:/bin:/usr/sbin:/sbin:/opt/X11/bin:/Users/guillaume/.rvm/bin
20 verbose lifecycle crokmou@2.0.0~postdeploy: CWD: /Users/guillaume/Documents/crokmou/hugo
21 silly lifecycle crokmou@2.0.0~postdeploy: Args: [ '-c', 'npm run index' ]
22 silly lifecycle crokmou@2.0.0~postdeploy: Returned: code: 1  signal: null
23 info lifecycle crokmou@2.0.0~postdeploy: Failed to exec postdeploy script
24 verbose stack Error: crokmou@2.0.0 postdeploy: `npm run index`
24 verbose stack Exit status 1
24 verbose stack     at EventEmitter.<anonymous> (/Users/guillaume/.nvm/versions/node/v6.11.2/lib/node_modules/npm/lib/utils/lifecycle.js:255:16)
24 verbose stack     at emitTwo (events.js:106:13)
24 verbose stack     at EventEmitter.emit (events.js:191:7)
24 verbose stack     at ChildProcess.<anonymous> (/Users/guillaume/.nvm/versions/node/v6.11.2/lib/node_modules/npm/lib/utils/spawn.js:40:14)
24 verbose stack     at emitTwo (events.js:106:13)
24 verbose stack     at ChildProcess.emit (events.js:191:7)
24 verbose stack     at maybeClose (internal/child_process.js:891:16)
24 verbose stack     at Process.ChildProcess._handle.onexit (internal/child_process.js:226:5)
25 verbose pkgid crokmou@2.0.0
26 verbose cwd /Users/guillaume/Documents/crokmou/hugo
27 error Darwin 17.3.0
28 error argv "/Users/guillaume/.nvm/versions/node/v6.11.2/bin/node" "/Users/guillaume/.nvm/versions/node/v6.11.2/bin/npm" "run" "deploy"
29 error node v6.11.2
30 error npm  v3.10.10
31 error code ELIFECYCLE
32 error crokmou@2.0.0 postdeploy: `npm run index`
32 error Exit status 1
33 error Failed at the crokmou@2.0.0 postdeploy script 'npm run index'.
33 error Make sure you have the latest version of node.js and npm installed.
33 error If you do, this is most likely a problem with the crokmou package,
33 error not with npm itself.
33 error Tell the author that this fails on your system:
33 error     npm run index
33 error You can get information on how to open an issue for this project with:
33 error     npm bugs crokmou
33 error Or if that isn't available, you can get their info via:
33 error     npm owner ls crokmou
33 error There is likely additional logging output above.
34 verbose exit [ 1, true ]
